<?xml version="1.0" encoding="UTF-8"?>
<testsuite xmlns:xsi="http://www.w3.org/2001/XMLSchema-instance" xsi:noNamespaceSchemaLocation="https://maven.apache.org/surefire/maven-surefire-plugin/xsd/surefire-test-report-3.0.xsd" version="3.0" name="org.training.boot.secuity.securitydemogeneric.SecurityDemoGenericApplicationTests" time="6.365" tests="1" errors="0" skipped="0" failures="0">
  <properties>
    <property name="java.specification.version" value="17"/>
    <property name="sun.jnu.encoding" value="UTF-8"/>
    <property name="java.class.path" value="/Users/menzli.khemais/WIP/workspace/kmenzli/back-office/springframework/springboot/boot-security/spring-security-demo-basic/target/test-classes:/Users/menzli.khemais/WIP/workspace/kmenzli/back-office/springframework/springboot/boot-security/spring-security-demo-basic/target/classes:/Users/menzli.khemais/Downloads/WIP/opt/maven/repository/org/springframework/boot/spring-boot-starter-actuator/3.1.9/spring-boot-starter-actuator-3.1.9.jar:/Users/menzli.khemais/Downloads/WIP/opt/maven/repository/org/springframework/boot/spring-boot-starter/3.1.9/spring-boot-starter-3.1.9.jar:/Users/menzli.khemais/Downloads/WIP/opt/maven/repository/org/springframework/boot/spring-boot-starter-logging/3.1.9/spring-boot-starter-logging-3.1.9.jar:/Users/menzli.khemais/Downloads/WIP/opt/maven/repository/ch/qos/logback/logback-classic/1.4.14/logback-classic-1.4.14.jar:/Users/menzli.khemais/Downloads/WIP/opt/maven/repository/ch/qos/logback/logback-core/1.4.14/logback-core-1.4.14.jar:/Users/menzli.khemais/Downloads/WIP/opt/maven/repository/org/apache/logging/log4j/log4j-to-slf4j/2.20.0/log4j-to-slf4j-2.20.0.jar:/Users/menzli.khemais/Downloads/WIP/opt/maven/repository/org/apache/logging/log4j/log4j-api/2.20.0/log4j-api-2.20.0.jar:/Users/menzli.khemais/Downloads/WIP/opt/maven/repository/org/slf4j/jul-to-slf4j/2.0.12/jul-to-slf4j-2.0.12.jar:/Users/menzli.khemais/Downloads/WIP/opt/maven/repository/org/yaml/snakeyaml/1.33/snakeyaml-1.33.jar:/Users/menzli.khemais/Downloads/WIP/opt/maven/repository/org/springframework/boot/spring-boot-actuator-autoconfigure/3.1.9/spring-boot-actuator-autoconfigure-3.1.9.jar:/Users/menzli.khemais/Downloads/WIP/opt/maven/repository/org/springframework/boot/spring-boot-actuator/3.1.9/spring-boot-actuator-3.1.9.jar:/Users/menzli.khemais/Downloads/WIP/opt/maven/repository/com/fasterxml/jackson/core/jackson-databind/2.15.4/jackson-databind-2.15.4.jar:/Users/menzli.khemais/Downloads/WIP/opt/maven/repository/com/fasterxml/jackson/core/jackson-annotations/2.15.4/jackson-annotations-2.15.4.jar:/Users/menzli.khemais/Downloads/WIP/opt/maven/repository/com/fasterxml/jackson/core/jackson-core/2.15.4/jackson-core-2.15.4.jar:/Users/menzli.khemais/Downloads/WIP/opt/maven/repository/com/fasterxml/jackson/datatype/jackson-datatype-jsr310/2.15.4/jackson-datatype-jsr310-2.15.4.jar:/Users/menzli.khemais/Downloads/WIP/opt/maven/repository/io/micrometer/micrometer-observation/1.11.9/micrometer-observation-1.11.9.jar:/Users/menzli.khemais/Downloads/WIP/opt/maven/repository/io/micrometer/micrometer-commons/1.11.9/micrometer-commons-1.11.9.jar:/Users/menzli.khemais/Downloads/WIP/opt/maven/repository/io/micrometer/micrometer-core/1.11.9/micrometer-core-1.11.9.jar:/Users/menzli.khemais/Downloads/WIP/opt/maven/repository/org/hdrhistogram/HdrHistogram/2.1.12/HdrHistogram-2.1.12.jar:/Users/menzli.khemais/Downloads/WIP/opt/maven/repository/org/latencyutils/LatencyUtils/2.0.3/LatencyUtils-2.0.3.jar:/Users/menzli.khemais/Downloads/WIP/opt/maven/repository/org/springframework/boot/spring-boot-starter-security/3.1.9/spring-boot-starter-security-3.1.9.jar:/Users/menzli.khemais/Downloads/WIP/opt/maven/repository/org/springframework/spring-aop/6.0.17/spring-aop-6.0.17.jar:/Users/menzli.khemais/Downloads/WIP/opt/maven/repository/org/springframework/spring-beans/6.0.17/spring-beans-6.0.17.jar:/Users/menzli.khemais/Downloads/WIP/opt/maven/repository/org/springframework/security/spring-security-config/6.1.7/spring-security-config-6.1.7.jar:/Users/menzli.khemais/Downloads/WIP/opt/maven/repository/org/springframework/spring-context/6.0.17/spring-context-6.0.17.jar:/Users/menzli.khemais/Downloads/WIP/opt/maven/repository/org/springframework/security/spring-security-web/6.1.7/spring-security-web-6.1.7.jar:/Users/menzli.khemais/Downloads/WIP/opt/maven/repository/org/springframework/spring-expression/6.0.17/spring-expression-6.0.17.jar:/Users/menzli.khemais/Downloads/WIP/opt/maven/repository/org/springframework/boot/spring-boot-starter-data-jpa/3.1.9/spring-boot-starter-data-jpa-3.1.9.jar:/Users/menzli.khemais/Downloads/WIP/opt/maven/repository/org/springframework/boot/spring-boot-starter-aop/3.1.9/spring-boot-starter-aop-3.1.9.jar:/Users/menzli.khemais/Downloads/WIP/opt/maven/repository/org/aspectj/aspectjweaver/1.9.21/aspectjweaver-1.9.21.jar:/Users/menzli.khemais/Downloads/WIP/opt/maven/repository/org/springframework/boot/spring-boot-starter-jdbc/3.1.9/spring-boot-starter-jdbc-3.1.9.jar:/Users/menzli.khemais/Downloads/WIP/opt/maven/repository/com/zaxxer/HikariCP/5.0.1/HikariCP-5.0.1.jar:/Users/menzli.khemais/Downloads/WIP/opt/maven/repository/org/springframework/spring-jdbc/6.0.17/spring-jdbc-6.0.17.jar:/Users/menzli.khemais/Downloads/WIP/opt/maven/repository/org/hibernate/orm/hibernate-core/6.2.22.Final/hibernate-core-6.2.22.Final.jar:/Users/menzli.khemais/Downloads/WIP/opt/maven/repository/jakarta/persistence/jakarta.persistence-api/3.1.0/jakarta.persistence-api-3.1.0.jar:/Users/menzli.khemais/Downloads/WIP/opt/maven/repository/jakarta/transaction/jakarta.transaction-api/2.0.1/jakarta.transaction-api-2.0.1.jar:/Users/menzli.khemais/Downloads/WIP/opt/maven/repository/org/jboss/logging/jboss-logging/3.5.3.Final/jboss-logging-3.5.3.Final.jar:/Users/menzli.khemais/Downloads/WIP/opt/maven/repository/org/hibernate/common/hibernate-commons-annotations/6.0.6.Final/hibernate-commons-annotations-6.0.6.Final.jar:/Users/menzli.khemais/Downloads/WIP/opt/maven/repository/io/smallrye/jandex/3.0.5/jandex-3.0.5.jar:/Users/menzli.khemais/Downloads/WIP/opt/maven/repository/com/fasterxml/classmate/1.5.1/classmate-1.5.1.jar:/Users/menzli.khemais/Downloads/WIP/opt/maven/repository/net/bytebuddy/byte-buddy/1.14.12/byte-buddy-1.14.12.jar:/Users/menzli.khemais/Downloads/WIP/opt/maven/repository/org/glassfish/jaxb/jaxb-runtime/4.0.4/jaxb-runtime-4.0.4.jar:/Users/menzli.khemais/Downloads/WIP/opt/maven/repository/org/glassfish/jaxb/jaxb-core/4.0.4/jaxb-core-4.0.4.jar:/Users/menzli.khemais/Downloads/WIP/opt/maven/repository/org/eclipse/angus/angus-activation/2.0.1/angus-activation-2.0.1.jar:/Users/menzli.khemais/Downloads/WIP/opt/maven/repository/org/glassfish/jaxb/txw2/4.0.4/txw2-4.0.4.jar:/Users/menzli.khemais/Downloads/WIP/opt/maven/repository/com/sun/istack/istack-commons-runtime/4.1.2/istack-commons-runtime-4.1.2.jar:/Users/menzli.khemais/Downloads/WIP/opt/maven/repository/jakarta/inject/jakarta.inject-api/2.0.1/jakarta.inject-api-2.0.1.jar:/Users/menzli.khemais/Downloads/WIP/opt/maven/repository/org/antlr/antlr4-runtime/4.10.1/antlr4-runtime-4.10.1.jar:/Users/menzli.khemais/Downloads/WIP/opt/maven/repository/org/springframework/data/spring-data-jpa/3.1.9/spring-data-jpa-3.1.9.jar:/Users/menzli.khemais/Downloads/WIP/opt/maven/repository/org/springframework/data/spring-data-commons/3.1.9/spring-data-commons-3.1.9.jar:/Users/menzli.khemais/Downloads/WIP/opt/maven/repository/org/springframework/spring-orm/6.0.17/spring-orm-6.0.17.jar:/Users/menzli.khemais/Downloads/WIP/opt/maven/repository/org/springframework/spring-tx/6.0.17/spring-tx-6.0.17.jar:/Users/menzli.khemais/Downloads/WIP/opt/maven/repository/org/slf4j/slf4j-api/2.0.12/slf4j-api-2.0.12.jar:/Users/menzli.khemais/Downloads/WIP/opt/maven/repository/org/springframework/spring-aspects/6.0.17/spring-aspects-6.0.17.jar:/Users/menzli.khemais/Downloads/WIP/opt/maven/repository/org/springframework/boot/spring-boot-starter-web/3.1.9/spring-boot-starter-web-3.1.9.jar:/Users/menzli.khemais/Downloads/WIP/opt/maven/repository/org/springframework/boot/spring-boot-starter-json/3.1.9/spring-boot-starter-json-3.1.9.jar:/Users/menzli.khemais/Downloads/WIP/opt/maven/repository/com/fasterxml/jackson/datatype/jackson-datatype-jdk8/2.15.4/jackson-datatype-jdk8-2.15.4.jar:/Users/menzli.khemais/Downloads/WIP/opt/maven/repository/com/fasterxml/jackson/module/jackson-module-parameter-names/2.15.4/jackson-module-parameter-names-2.15.4.jar:/Users/menzli.khemais/Downloads/WIP/opt/maven/repository/org/springframework/spring-web/6.0.17/spring-web-6.0.17.jar:/Users/menzli.khemais/Downloads/WIP/opt/maven/repository/org/springframework/spring-webmvc/6.0.17/spring-webmvc-6.0.17.jar:/Users/menzli.khemais/Downloads/WIP/opt/maven/repository/org/springframework/security/spring-security-test/6.1.7/spring-security-test-6.1.7.jar:/Users/menzli.khemais/Downloads/WIP/opt/maven/repository/org/springframework/security/spring-security-core/6.1.7/spring-security-core-6.1.7.jar:/Users/menzli.khemais/Downloads/WIP/opt/maven/repository/org/springframework/security/spring-security-crypto/6.1.7/spring-security-crypto-6.1.7.jar:/Users/menzli.khemais/Downloads/WIP/opt/maven/repository/org/springframework/spring-core/6.0.17/spring-core-6.0.17.jar:/Users/menzli.khemais/Downloads/WIP/opt/maven/repository/org/springframework/spring-jcl/6.0.17/spring-jcl-6.0.17.jar:/Users/menzli.khemais/Downloads/WIP/opt/maven/repository/org/springframework/spring-test/6.0.17/spring-test-6.0.17.jar:/Users/menzli.khemais/Downloads/WIP/opt/maven/repository/org/springframework/boot/spring-boot-devtools/3.1.9/spring-boot-devtools-3.1.9.jar:/Users/menzli.khemais/Downloads/WIP/opt/maven/repository/org/springframework/boot/spring-boot/3.1.9/spring-boot-3.1.9.jar:/Users/menzli.khemais/Downloads/WIP/opt/maven/repository/org/springframework/boot/spring-boot-autoconfigure/3.1.9/spring-boot-autoconfigure-3.1.9.jar:/Users/menzli.khemais/Downloads/WIP/opt/maven/repository/com/h2database/h2/2.1.214/h2-2.1.214.jar:/Users/menzli.khemais/Downloads/WIP/opt/maven/repository/org/springframework/boot/spring-boot-starter-tomcat/3.1.9/spring-boot-starter-tomcat-3.1.9.jar:/Users/menzli.khemais/Downloads/WIP/opt/maven/repository/jakarta/annotation/jakarta.annotation-api/2.1.1/jakarta.annotation-api-2.1.1.jar:/Users/menzli.khemais/Downloads/WIP/opt/maven/repository/org/apache/tomcat/embed/tomcat-embed-core/10.1.19/tomcat-embed-core-10.1.19.jar:/Users/menzli.khemais/Downloads/WIP/opt/maven/repository/org/apache/tomcat/embed/tomcat-embed-el/10.1.19/tomcat-embed-el-10.1.19.jar:/Users/menzli.khemais/Downloads/WIP/opt/maven/repository/org/apache/tomcat/embed/tomcat-embed-websocket/10.1.19/tomcat-embed-websocket-10.1.19.jar:/Users/menzli.khemais/Downloads/WIP/opt/maven/repository/org/springframework/boot/spring-boot-starter-test/3.1.9/spring-boot-starter-test-3.1.9.jar:/Users/menzli.khemais/Downloads/WIP/opt/maven/repository/org/springframework/boot/spring-boot-test/3.1.9/spring-boot-test-3.1.9.jar:/Users/menzli.khemais/Downloads/WIP/opt/maven/repository/org/springframework/boot/spring-boot-test-autoconfigure/3.1.9/spring-boot-test-autoconfigure-3.1.9.jar:/Users/menzli.khemais/Downloads/WIP/opt/maven/repository/com/jayway/jsonpath/json-path/2.9.0/json-path-2.9.0.jar:/Users/menzli.khemais/Downloads/WIP/opt/maven/repository/jakarta/xml/bind/jakarta.xml.bind-api/4.0.1/jakarta.xml.bind-api-4.0.1.jar:/Users/menzli.khemais/Downloads/WIP/opt/maven/repository/jakarta/activation/jakarta.activation-api/2.1.2/jakarta.activation-api-2.1.2.jar:/Users/menzli.khemais/Downloads/WIP/opt/maven/repository/net/minidev/json-smart/2.4.11/json-smart-2.4.11.jar:/Users/menzli.khemais/Downloads/WIP/opt/maven/repository/net/minidev/accessors-smart/2.4.11/accessors-smart-2.4.11.jar:/Users/menzli.khemais/Downloads/WIP/opt/maven/repository/org/ow2/asm/asm/9.3/asm-9.3.jar:/Users/menzli.khemais/Downloads/WIP/opt/maven/repository/org/assertj/assertj-core/3.24.2/assertj-core-3.24.2.jar:/Users/menzli.khemais/Downloads/WIP/opt/maven/repository/org/hamcrest/hamcrest/2.2/hamcrest-2.2.jar:/Users/menzli.khemais/Downloads/WIP/opt/maven/repository/org/junit/jupiter/junit-jupiter/5.9.3/junit-jupiter-5.9.3.jar:/Users/menzli.khemais/Downloads/WIP/opt/maven/repository/org/junit/jupiter/junit-jupiter-api/5.9.3/junit-jupiter-api-5.9.3.jar:/Users/menzli.khemais/Downloads/WIP/opt/maven/repository/org/opentest4j/opentest4j/1.2.0/opentest4j-1.2.0.jar:/Users/menzli.khemais/Downloads/WIP/opt/maven/repository/org/junit/platform/junit-platform-commons/1.9.3/junit-platform-commons-1.9.3.jar:/Users/menzli.khemais/Downloads/WIP/opt/maven/repository/org/apiguardian/apiguardian-api/1.1.2/apiguardian-api-1.1.2.jar:/Users/menzli.khemais/Downloads/WIP/opt/maven/repository/org/junit/jupiter/junit-jupiter-params/5.9.3/junit-jupiter-params-5.9.3.jar:/Users/menzli.khemais/Downloads/WIP/opt/maven/repository/org/junit/jupiter/junit-jupiter-engine/5.9.3/junit-jupiter-engine-5.9.3.jar:/Users/menzli.khemais/Downloads/WIP/opt/maven/repository/org/junit/platform/junit-platform-engine/1.9.3/junit-platform-engine-1.9.3.jar:/Users/menzli.khemais/Downloads/WIP/opt/maven/repository/org/mockito/mockito-core/5.3.1/mockito-core-5.3.1.jar:/Users/menzli.khemais/Downloads/WIP/opt/maven/repository/net/bytebuddy/byte-buddy-agent/1.14.12/byte-buddy-agent-1.14.12.jar:/Users/menzli.khemais/Downloads/WIP/opt/maven/repository/org/objenesis/objenesis/3.3/objenesis-3.3.jar:/Users/menzli.khemais/Downloads/WIP/opt/maven/repository/org/mockito/mockito-junit-jupiter/5.3.1/mockito-junit-jupiter-5.3.1.jar:/Users/menzli.khemais/Downloads/WIP/opt/maven/repository/org/skyscreamer/jsonassert/1.5.1/jsonassert-1.5.1.jar:/Users/menzli.khemais/Downloads/WIP/opt/maven/repository/com/vaadin/external/google/android-json/0.0.20131108.vaadin1/android-json-0.0.20131108.vaadin1.jar:/Users/menzli.khemais/Downloads/WIP/opt/maven/repository/org/xmlunit/xmlunit-core/2.9.1/xmlunit-core-2.9.1.jar:"/>
    <property name="java.vm.vendor" value="Azul Systems, Inc."/>
    <property name="sun.arch.data.model" value="64"/>
    <property name="java.vendor.url" value="http://www.azul.com/"/>
    <property name="user.timezone" value="Europe/Paris"/>
    <property name="org.jboss.logging.provider" value="slf4j"/>
    <property name="os.name" value="Mac OS X"/>
    <property name="java.vm.specification.version" value="17"/>
    <property name="sun.java.launcher" value="SUN_STANDARD"/>
    <property name="user.country" value="FR"/>
    <property name="sun.boot.library.path" value="/Users/menzli.khemais/.sdkman/candidates/java/17.0.9-zulu/zulu-17.jdk/Contents/Home/lib"/>
    <property name="sun.java.command" value="/Users/menzli.khemais/WIP/workspace/kmenzli/back-office/springframework/springboot/boot-security/spring-security-demo-basic/target/surefire/surefirebooter-20240302182943452_3.jar /Users/menzli.khemais/WIP/workspace/kmenzli/back-office/springframework/springboot/boot-security/spring-security-demo-basic/target/surefire 2024-03-02T18-29-43_314-jvmRun1 surefire-20240302182943452_1tmp surefire_0-20240302182943452_2tmp"/>
    <property name="http.nonProxyHosts" value="local|*.local|169.254/16|*.169.254/16"/>
    <property name="jdk.debug" value="release"/>
    <property name="surefire.test.class.path" value="/Users/menzli.khemais/WIP/workspace/kmenzli/back-office/springframework/springboot/boot-security/spring-security-demo-basic/target/test-classes:/Users/menzli.khemais/WIP/workspace/kmenzli/back-office/springframework/springboot/boot-security/spring-security-demo-basic/target/classes:/Users/menzli.khemais/Downloads/WIP/opt/maven/repository/org/springframework/boot/spring-boot-starter-actuator/3.1.9/spring-boot-starter-actuator-3.1.9.jar:/Users/menzli.khemais/Downloads/WIP/opt/maven/repository/org/springframework/boot/spring-boot-starter/3.1.9/spring-boot-starter-3.1.9.jar:/Users/menzli.khemais/Downloads/WIP/opt/maven/repository/org/springframework/boot/spring-boot-starter-logging/3.1.9/spring-boot-starter-logging-3.1.9.jar:/Users/menzli.khemais/Downloads/WIP/opt/maven/repository/ch/qos/logback/logback-classic/1.4.14/logback-classic-1.4.14.jar:/Users/menzli.khemais/Downloads/WIP/opt/maven/repository/ch/qos/logback/logback-core/1.4.14/logback-core-1.4.14.jar:/Users/menzli.khemais/Downloads/WIP/opt/maven/repository/org/apache/logging/log4j/log4j-to-slf4j/2.20.0/log4j-to-slf4j-2.20.0.jar:/Users/menzli.khemais/Downloads/WIP/opt/maven/repository/org/apache/logging/log4j/log4j-api/2.20.0/log4j-api-2.20.0.jar:/Users/menzli.khemais/Downloads/WIP/opt/maven/repository/org/slf4j/jul-to-slf4j/2.0.12/jul-to-slf4j-2.0.12.jar:/Users/menzli.khemais/Downloads/WIP/opt/maven/repository/org/yaml/snakeyaml/1.33/snakeyaml-1.33.jar:/Users/menzli.khemais/Downloads/WIP/opt/maven/repository/org/springframework/boot/spring-boot-actuator-autoconfigure/3.1.9/spring-boot-actuator-autoconfigure-3.1.9.jar:/Users/menzli.khemais/Downloads/WIP/opt/maven/repository/org/springframework/boot/spring-boot-actuator/3.1.9/spring-boot-actuator-3.1.9.jar:/Users/menzli.khemais/Downloads/WIP/opt/maven/repository/com/fasterxml/jackson/core/jackson-databind/2.15.4/jackson-databind-2.15.4.jar:/Users/menzli.khemais/Downloads/WIP/opt/maven/repository/com/fasterxml/jackson/core/jackson-annotations/2.15.4/jackson-annotations-2.15.4.jar:/Users/menzli.khemais/Downloads/WIP/opt/maven/repository/com/fasterxml/jackson/core/jackson-core/2.15.4/jackson-core-2.15.4.jar:/Users/menzli.khemais/Downloads/WIP/opt/maven/repository/com/fasterxml/jackson/datatype/jackson-datatype-jsr310/2.15.4/jackson-datatype-jsr310-2.15.4.jar:/Users/menzli.khemais/Downloads/WIP/opt/maven/repository/io/micrometer/micrometer-observation/1.11.9/micrometer-observation-1.11.9.jar:/Users/menzli.khemais/Downloads/WIP/opt/maven/repository/io/micrometer/micrometer-commons/1.11.9/micrometer-commons-1.11.9.jar:/Users/menzli.khemais/Downloads/WIP/opt/maven/repository/io/micrometer/micrometer-core/1.11.9/micrometer-core-1.11.9.jar:/Users/menzli.khemais/Downloads/WIP/opt/maven/repository/org/hdrhistogram/HdrHistogram/2.1.12/HdrHistogram-2.1.12.jar:/Users/menzli.khemais/Downloads/WIP/opt/maven/repository/org/latencyutils/LatencyUtils/2.0.3/LatencyUtils-2.0.3.jar:/Users/menzli.khemais/Downloads/WIP/opt/maven/repository/org/springframework/boot/spring-boot-starter-security/3.1.9/spring-boot-starter-security-3.1.9.jar:/Users/menzli.khemais/Downloads/WIP/opt/maven/repository/org/springframework/spring-aop/6.0.17/spring-aop-6.0.17.jar:/Users/menzli.khemais/Downloads/WIP/opt/maven/repository/org/springframework/spring-beans/6.0.17/spring-beans-6.0.17.jar:/Users/menzli.khemais/Downloads/WIP/opt/maven/repository/org/springframework/security/spring-security-config/6.1.7/spring-security-config-6.1.7.jar:/Users/menzli.khemais/Downloads/WIP/opt/maven/repository/org/springframework/spring-context/6.0.17/spring-context-6.0.17.jar:/Users/menzli.khemais/Downloads/WIP/opt/maven/repository/org/springframework/security/spring-security-web/6.1.7/spring-security-web-6.1.7.jar:/Users/menzli.khemais/Downloads/WIP/opt/maven/repository/org/springframework/spring-expression/6.0.17/spring-expression-6.0.17.jar:/Users/menzli.khemais/Downloads/WIP/opt/maven/repository/org/springframework/boot/spring-boot-starter-data-jpa/3.1.9/spring-boot-starter-data-jpa-3.1.9.jar:/Users/menzli.khemais/Downloads/WIP/opt/maven/repository/org/springframework/boot/spring-boot-starter-aop/3.1.9/spring-boot-starter-aop-3.1.9.jar:/Users/menzli.khemais/Downloads/WIP/opt/maven/repository/org/aspectj/aspectjweaver/1.9.21/aspectjweaver-1.9.21.jar:/Users/menzli.khemais/Downloads/WIP/opt/maven/repository/org/springframework/boot/spring-boot-starter-jdbc/3.1.9/spring-boot-starter-jdbc-3.1.9.jar:/Users/menzli.khemais/Downloads/WIP/opt/maven/repository/com/zaxxer/HikariCP/5.0.1/HikariCP-5.0.1.jar:/Users/menzli.khemais/Downloads/WIP/opt/maven/repository/org/springframework/spring-jdbc/6.0.17/spring-jdbc-6.0.17.jar:/Users/menzli.khemais/Downloads/WIP/opt/maven/repository/org/hibernate/orm/hibernate-core/6.2.22.Final/hibernate-core-6.2.22.Final.jar:/Users/menzli.khemais/Downloads/WIP/opt/maven/repository/jakarta/persistence/jakarta.persistence-api/3.1.0/jakarta.persistence-api-3.1.0.jar:/Users/menzli.khemais/Downloads/WIP/opt/maven/repository/jakarta/transaction/jakarta.transaction-api/2.0.1/jakarta.transaction-api-2.0.1.jar:/Users/menzli.khemais/Downloads/WIP/opt/maven/repository/org/jboss/logging/jboss-logging/3.5.3.Final/jboss-logging-3.5.3.Final.jar:/Users/menzli.khemais/Downloads/WIP/opt/maven/repository/org/hibernate/common/hibernate-commons-annotations/6.0.6.Final/hibernate-commons-annotations-6.0.6.Final.jar:/Users/menzli.khemais/Downloads/WIP/opt/maven/repository/io/smallrye/jandex/3.0.5/jandex-3.0.5.jar:/Users/menzli.khemais/Downloads/WIP/opt/maven/repository/com/fasterxml/classmate/1.5.1/classmate-1.5.1.jar:/Users/menzli.khemais/Downloads/WIP/opt/maven/repository/net/bytebuddy/byte-buddy/1.14.12/byte-buddy-1.14.12.jar:/Users/menzli.khemais/Downloads/WIP/opt/maven/repository/org/glassfish/jaxb/jaxb-runtime/4.0.4/jaxb-runtime-4.0.4.jar:/Users/menzli.khemais/Downloads/WIP/opt/maven/repository/org/glassfish/jaxb/jaxb-core/4.0.4/jaxb-core-4.0.4.jar:/Users/menzli.khemais/Downloads/WIP/opt/maven/repository/org/eclipse/angus/angus-activation/2.0.1/angus-activation-2.0.1.jar:/Users/menzli.khemais/Downloads/WIP/opt/maven/repository/org/glassfish/jaxb/txw2/4.0.4/txw2-4.0.4.jar:/Users/menzli.khemais/Downloads/WIP/opt/maven/repository/com/sun/istack/istack-commons-runtime/4.1.2/istack-commons-runtime-4.1.2.jar:/Users/menzli.khemais/Downloads/WIP/opt/maven/repository/jakarta/inject/jakarta.inject-api/2.0.1/jakarta.inject-api-2.0.1.jar:/Users/menzli.khemais/Downloads/WIP/opt/maven/repository/org/antlr/antlr4-runtime/4.10.1/antlr4-runtime-4.10.1.jar:/Users/menzli.khemais/Downloads/WIP/opt/maven/repository/org/springframework/data/spring-data-jpa/3.1.9/spring-data-jpa-3.1.9.jar:/Users/menzli.khemais/Downloads/WIP/opt/maven/repository/org/springframework/data/spring-data-commons/3.1.9/spring-data-commons-3.1.9.jar:/Users/menzli.khemais/Downloads/WIP/opt/maven/repository/org/springframework/spring-orm/6.0.17/spring-orm-6.0.17.jar:/Users/menzli.khemais/Downloads/WIP/opt/maven/repository/org/springframework/spring-tx/6.0.17/spring-tx-6.0.17.jar:/Users/menzli.khemais/Downloads/WIP/opt/maven/repository/org/slf4j/slf4j-api/2.0.12/slf4j-api-2.0.12.jar:/Users/menzli.khemais/Downloads/WIP/opt/maven/repository/org/springframework/spring-aspects/6.0.17/spring-aspects-6.0.17.jar:/Users/menzli.khemais/Downloads/WIP/opt/maven/repository/org/springframework/boot/spring-boot-starter-web/3.1.9/spring-boot-starter-web-3.1.9.jar:/Users/menzli.khemais/Downloads/WIP/opt/maven/repository/org/springframework/boot/spring-boot-starter-json/3.1.9/spring-boot-starter-json-3.1.9.jar:/Users/menzli.khemais/Downloads/WIP/opt/maven/repository/com/fasterxml/jackson/datatype/jackson-datatype-jdk8/2.15.4/jackson-datatype-jdk8-2.15.4.jar:/Users/menzli.khemais/Downloads/WIP/opt/maven/repository/com/fasterxml/jackson/module/jackson-module-parameter-names/2.15.4/jackson-module-parameter-names-2.15.4.jar:/Users/menzli.khemais/Downloads/WIP/opt/maven/repository/org/springframework/spring-web/6.0.17/spring-web-6.0.17.jar:/Users/menzli.khemais/Downloads/WIP/opt/maven/repository/org/springframework/spring-webmvc/6.0.17/spring-webmvc-6.0.17.jar:/Users/menzli.khemais/Downloads/WIP/opt/maven/repository/org/springframework/security/spring-security-test/6.1.7/spring-security-test-6.1.7.jar:/Users/menzli.khemais/Downloads/WIP/opt/maven/repository/org/springframework/security/spring-security-core/6.1.7/spring-security-core-6.1.7.jar:/Users/menzli.khemais/Downloads/WIP/opt/maven/repository/org/springframework/security/spring-security-crypto/6.1.7/spring-security-crypto-6.1.7.jar:/Users/menzli.khemais/Downloads/WIP/opt/maven/repository/org/springframework/spring-core/6.0.17/spring-core-6.0.17.jar:/Users/menzli.khemais/Downloads/WIP/opt/maven/repository/org/springframework/spring-jcl/6.0.17/spring-jcl-6.0.17.jar:/Users/menzli.khemais/Downloads/WIP/opt/maven/repository/org/springframework/spring-test/6.0.17/spring-test-6.0.17.jar:/Users/menzli.khemais/Downloads/WIP/opt/maven/repository/org/springframework/boot/spring-boot-devtools/3.1.9/spring-boot-devtools-3.1.9.jar:/Users/menzli.khemais/Downloads/WIP/opt/maven/repository/org/springframework/boot/spring-boot/3.1.9/spring-boot-3.1.9.jar:/Users/menzli.khemais/Downloads/WIP/opt/maven/repository/org/springframework/boot/spring-boot-autoconfigure/3.1.9/spring-boot-autoconfigure-3.1.9.jar:/Users/menzli.khemais/Downloads/WIP/opt/maven/repository/com/h2database/h2/2.1.214/h2-2.1.214.jar:/Users/menzli.khemais/Downloads/WIP/opt/maven/repository/org/springframework/boot/spring-boot-starter-tomcat/3.1.9/spring-boot-starter-tomcat-3.1.9.jar:/Users/menzli.khemais/Downloads/WIP/opt/maven/repository/jakarta/annotation/jakarta.annotation-api/2.1.1/jakarta.annotation-api-2.1.1.jar:/Users/menzli.khemais/Downloads/WIP/opt/maven/repository/org/apache/tomcat/embed/tomcat-embed-core/10.1.19/tomcat-embed-core-10.1.19.jar:/Users/menzli.khemais/Downloads/WIP/opt/maven/repository/org/apache/tomcat/embed/tomcat-embed-el/10.1.19/tomcat-embed-el-10.1.19.jar:/Users/menzli.khemais/Downloads/WIP/opt/maven/repository/org/apache/tomcat/embed/tomcat-embed-websocket/10.1.19/tomcat-embed-websocket-10.1.19.jar:/Users/menzli.khemais/Downloads/WIP/opt/maven/repository/org/springframework/boot/spring-boot-starter-test/3.1.9/spring-boot-starter-test-3.1.9.jar:/Users/menzli.khemais/Downloads/WIP/opt/maven/repository/org/springframework/boot/spring-boot-test/3.1.9/spring-boot-test-3.1.9.jar:/Users/menzli.khemais/Downloads/WIP/opt/maven/repository/org/springframework/boot/spring-boot-test-autoconfigure/3.1.9/spring-boot-test-autoconfigure-3.1.9.jar:/Users/menzli.khemais/Downloads/WIP/opt/maven/repository/com/jayway/jsonpath/json-path/2.9.0/json-path-2.9.0.jar:/Users/menzli.khemais/Downloads/WIP/opt/maven/repository/jakarta/xml/bind/jakarta.xml.bind-api/4.0.1/jakarta.xml.bind-api-4.0.1.jar:/Users/menzli.khemais/Downloads/WIP/opt/maven/repository/jakarta/activation/jakarta.activation-api/2.1.2/jakarta.activation-api-2.1.2.jar:/Users/menzli.khemais/Downloads/WIP/opt/maven/repository/net/minidev/json-smart/2.4.11/json-smart-2.4.11.jar:/Users/menzli.khemais/Downloads/WIP/opt/maven/repository/net/minidev/accessors-smart/2.4.11/accessors-smart-2.4.11.jar:/Users/menzli.khemais/Downloads/WIP/opt/maven/repository/org/ow2/asm/asm/9.3/asm-9.3.jar:/Users/menzli.khemais/Downloads/WIP/opt/maven/repository/org/assertj/assertj-core/3.24.2/assertj-core-3.24.2.jar:/Users/menzli.khemais/Downloads/WIP/opt/maven/repository/org/hamcrest/hamcrest/2.2/hamcrest-2.2.jar:/Users/menzli.khemais/Downloads/WIP/opt/maven/repository/org/junit/jupiter/junit-jupiter/5.9.3/junit-jupiter-5.9.3.jar:/Users/menzli.khemais/Downloads/WIP/opt/maven/repository/org/junit/jupiter/junit-jupiter-api/5.9.3/junit-jupiter-api-5.9.3.jar:/Users/menzli.khemais/Downloads/WIP/opt/maven/repository/org/opentest4j/opentest4j/1.2.0/opentest4j-1.2.0.jar:/Users/menzli.khemais/Downloads/WIP/opt/maven/repository/org/junit/platform/junit-platform-commons/1.9.3/junit-platform-commons-1.9.3.jar:/Users/menzli.khemais/Downloads/WIP/opt/maven/repository/org/apiguardian/apiguardian-api/1.1.2/apiguardian-api-1.1.2.jar:/Users/menzli.khemais/Downloads/WIP/opt/maven/repository/org/junit/jupiter/junit-jupiter-params/5.9.3/junit-jupiter-params-5.9.3.jar:/Users/menzli.khemais/Downloads/WIP/opt/maven/repository/org/junit/jupiter/junit-jupiter-engine/5.9.3/junit-jupiter-engine-5.9.3.jar:/Users/menzli.khemais/Downloads/WIP/opt/maven/repository/org/junit/platform/junit-platform-engine/1.9.3/junit-platform-engine-1.9.3.jar:/Users/menzli.khemais/Downloads/WIP/opt/maven/repository/org/mockito/mockito-core/5.3.1/mockito-core-5.3.1.jar:/Users/menzli.khemais/Downloads/WIP/opt/maven/repository/net/bytebuddy/byte-buddy-agent/1.14.12/byte-buddy-agent-1.14.12.jar:/Users/menzli.khemais/Downloads/WIP/opt/maven/repository/org/objenesis/objenesis/3.3/objenesis-3.3.jar:/Users/menzli.khemais/Downloads/WIP/opt/maven/repository/org/mockito/mockito-junit-jupiter/5.3.1/mockito-junit-jupiter-5.3.1.jar:/Users/menzli.khemais/Downloads/WIP/opt/maven/repository/org/skyscreamer/jsonassert/1.5.1/jsonassert-1.5.1.jar:/Users/menzli.khemais/Downloads/WIP/opt/maven/repository/com/vaadin/external/google/android-json/0.0.20131108.vaadin1/android-json-0.0.20131108.vaadin1.jar:/Users/menzli.khemais/Downloads/WIP/opt/maven/repository/org/xmlunit/xmlunit-core/2.9.1/xmlunit-core-2.9.1.jar:"/>
    <property name="sun.cpu.endian" value="little"/>
    <property name="user.home" value="/Users/menzli.khemais"/>
    <property name="user.language" value="fr"/>
    <property name="java.specification.vendor" value="Oracle Corporation"/>
    <property name="java.version.date" value="2023-10-17"/>
    <property name="java.home" value="/Users/menzli.khemais/.sdkman/candidates/java/17.0.9-zulu/zulu-17.jdk/Contents/Home"/>
    <property name="file.separator" value="/"/>
    <property name="basedir" value="/Users/menzli.khemais/WIP/workspace/kmenzli/back-office/springframework/springboot/boot-security/spring-security-demo-basic"/>
    <property name="java.vm.compressedOopsMode" value="Zero based"/>
    <property name="line.separator" value="&#10;"/>
    <property name="java.vm.specification.vendor" value="Oracle Corporation"/>
    <property name="java.specification.name" value="Java Platform API Specification"/>
    <property name="FILE_LOG_CHARSET" value="UTF-8"/>
    <property name="java.awt.headless" value="true"/>
    <property name="surefire.real.class.path" value="/Users/menzli.khemais/WIP/workspace/kmenzli/back-office/springframework/springboot/boot-security/spring-security-demo-basic/target/surefire/surefirebooter-20240302182943452_3.jar"/>
    <property name="sun.management.compiler" value="HotSpot 64-Bit Tiered Compilers"/>
    <property name="ftp.nonProxyHosts" value="local|*.local|169.254/16|*.169.254/16"/>
    <property name="java.runtime.version" value="17.0.9+8-LTS"/>
    <property name="user.name" value="menzli.khemais"/>
    <property name="path.separator" value=":"/>
    <property name="os.version" value="11.7.2"/>
    <property name="java.runtime.name" value="OpenJDK Runtime Environment"/>
    <property name="file.encoding" value="UTF-8"/>
    <property name="java.vm.name" value="OpenJDK 64-Bit Server VM"/>
    <property name="java.vendor.version" value="Zulu17.46+19-CA"/>
    <property name="localRepository" value="/Users/menzli.khemais/Downloads/WIP/opt/maven/repository"/>
    <property name="java.vendor.url.bug" value="http://www.azul.com/support/"/>
    <property name="java.io.tmpdir" value="/var/folders/xj/yc6kcsbx5dn7kmy50ncymy3m0000gn/T/"/>
    <property name="com.zaxxer.hikari.pool_number" value="1"/>
    <property name="java.version" value="17.0.9"/>
    <property name="user.dir" value="/Users/menzli.khemais/WIP/workspace/kmenzli/back-office/springframework/springboot/boot-security/spring-security-demo-basic"/>
    <property name="os.arch" value="x86_64"/>
    <property name="java.vm.specification.name" value="Java Virtual Machine Specification"/>
    <property name="PID" value="28481"/>
    <property name="CONSOLE_LOG_CHARSET" value="UTF-8"/>
    <property name="native.encoding" value="UTF-8"/>
    <property name="java.library.path" value="/Users/menzli.khemais/Library/Java/Extensions:/Library/Java/Extensions:/Network/Library/Java/Extensions:/System/Library/Java/Extensions:/usr/lib/java:."/>
    <property name="java.vm.info" value="mixed mode, sharing"/>
    <property name="java.vendor" value="Azul Systems, Inc."/>
    <property name="java.vm.version" value="17.0.9+8-LTS"/>
    <property name="sun.io.unicode.encoding" value="UnicodeBig"/>
    <property name="socksNonProxyHosts" value="local|*.local|169.254/16|*.169.254/16"/>
    <property name="java.class.version" value="61.0"/>
  </properties>
  <testcase name="contextLoads" classname="org.training.boot.secuity.securitydemogeneric.SecurityDemoGenericApplicationTests" time="0.674">
    <system-out><![CDATA[18:29:44.485 [main] INFO org.springframework.test.context.support.AnnotationConfigContextLoaderUtils -- Could not detect default configuration classes for test class [org.training.boot.secuity.securitydemogeneric.SecurityDemoGenericApplicationTests]: SecurityDemoGenericApplicationTests does not declare any static, non-private, non-final, nested classes annotated with @Configuration.
18:29:44.613 [main] INFO org.springframework.boot.test.context.SpringBootTestContextBootstrapper -- Found @SpringBootConfiguration org.training.boot.secuity.securitydemogeneric.SecurityDemoGenericApplication for test class org.training.boot.secuity.securitydemogeneric.SecurityDemoGenericApplicationTests
18:29:44.808 [main] INFO org.springframework.boot.devtools.restart.RestartApplicationListener -- Restart disabled due to context in which it is running

  .   ____          _            __ _ _
 /\\ / ___'_ __ _ _(_)_ __  __ _ \ \ \ \
( ( )\___ | '_ | '_| | '_ \/ _` | \ \ \ \
 \\/  ___)| |_)| | | | | || (_| |  ) ) ) )
  '  |____| .__|_| |_|_| |_\__, | / / / /
 =========|_|==============|___/=/_/_/_/
 :: Spring Boot ::                (v3.1.9)

2024-03-02T18:29:45.266+01:00  INFO 28481 --- [           main] .s.s.SecurityDemoGenericApplicationTests : Starting SecurityDemoGenericApplicationTests using Java 17.0.9 with PID 28481 (started by menzli.khemais in /Users/menzli.khemais/WIP/workspace/kmenzli/back-office/springframework/springboot/boot-security/spring-security-demo-basic)
2024-03-02T18:29:45.268+01:00  INFO 28481 --- [           main] .s.s.SecurityDemoGenericApplicationTests : No active profile set, falling back to 1 default profile: "default"
2024-03-02T18:29:46.536+01:00  INFO 28481 --- [           main] .s.d.r.c.RepositoryConfigurationDelegate : Bootstrapping Spring Data JPA repositories in DEFAULT mode.
2024-03-02T18:29:46.590+01:00  INFO 28481 --- [           main] .s.d.r.c.RepositoryConfigurationDelegate : Finished Spring Data repository scanning in 46 ms. Found 2 JPA repository interfaces.
2024-03-02T18:29:47.073+01:00  INFO 28481 --- [           main] o.hibernate.jpa.internal.util.LogHelper  : HHH000204: Processing PersistenceUnitInfo [name: default]
2024-03-02T18:29:47.120+01:00  INFO 28481 --- [           main] org.hibernate.Version                    : HHH000412: Hibernate ORM core version 6.2.22.Final
2024-03-02T18:29:47.122+01:00  INFO 28481 --- [           main] org.hibernate.cfg.Environment            : HHH000406: Using bytecode reflection optimizer
2024-03-02T18:29:47.404+01:00  INFO 28481 --- [           main] o.s.o.j.p.SpringPersistenceUnitInfo      : No LoadTimeWeaver setup: ignoring JPA class transformer
2024-03-02T18:29:47.427+01:00  INFO 28481 --- [           main] com.zaxxer.hikari.HikariDataSource       : HikariPool-1 - Starting...
2024-03-02T18:29:47.647+01:00  INFO 28481 --- [           main] com.zaxxer.hikari.pool.HikariPool        : HikariPool-1 - Added connection conn0: url=jdbc:h2:mem:test user=SA
2024-03-02T18:29:47.649+01:00  INFO 28481 --- [           main] com.zaxxer.hikari.HikariDataSource       : HikariPool-1 - Start completed.
2024-03-02T18:29:47.674+01:00  WARN 28481 --- [           main] org.hibernate.orm.deprecation            : HHH90000025: H2Dialect does not need to be specified explicitly using 'hibernate.dialect' (remove the property setting and it will be selected by default)
2024-03-02T18:29:48.503+01:00  INFO 28481 --- [           main] o.h.e.t.j.p.i.JtaPlatformInitiator       : HHH000489: No JTA platform available (set 'hibernate.transaction.jta.platform' to enable JTA platform integration)
Hibernate: create table roles (id integer generated by default as identity, name varchar(255), primary key (id))
Hibernate: create table users (id integer generated by default as identity, email varchar(255) not null, name varchar(255), password varchar(255) not null, username varchar(255) not null, primary key (id))
Hibernate: create table users_roles (user_id integer not null, roles_id integer not null, primary key (user_id, roles_id))
Hibernate: alter table if exists users drop constraint if exists UK_6dotkott2kjsp8vw4d0m25fb7
Hibernate: alter table if exists users add constraint UK_6dotkott2kjsp8vw4d0m25fb7 unique (email)
Hibernate: alter table if exists users drop constraint if exists UK_r43af9ap4edm43mmtq01oddj6
Hibernate: alter table if exists users add constraint UK_r43af9ap4edm43mmtq01oddj6 unique (username)
Hibernate: alter table if exists users_roles add constraint FKa62j07k5mhgifpp955h37ponj foreign key (roles_id) references roles
Hibernate: alter table if exists users_roles add constraint FK2o0jvgh89lemvvo17cbqvdxaa foreign key (user_id) references users
2024-03-02T18:29:48.573+01:00  INFO 28481 --- [           main] j.LocalContainerEntityManagerFactoryBean : Initialized JPA EntityManagerFactory for persistence unit 'default'
2024-03-02T18:29:49.017+01:00  WARN 28481 --- [           main] JpaBaseConfiguration$JpaWebConfiguration : spring.jpa.open-in-view is enabled by default. Therefore, database queries may be performed during view rendering. Explicitly configure spring.jpa.open-in-view to disable this warning
2024-03-02T18:29:49.376+01:00  INFO 28481 --- [           main] o.s.b.a.e.web.EndpointLinksResolver      : Exposing 1 endpoint(s) beneath base path '/actuator'
2024-03-02T18:29:49.460+01:00  INFO 28481 --- [           main] o.s.s.web.DefaultSecurityFilterChain     : Will secure any request with [org.springframework.security.web.session.DisableEncodeUrlFilter@62eb918, org.springframework.security.web.context.request.async.WebAsyncManagerIntegrationFilter@21a462ce, org.springframework.security.web.context.SecurityContextHolderFilter@fe337, org.springframework.security.web.header.HeaderWriterFilter@41ae9f11, org.springframework.security.web.authentication.logout.LogoutFilter@18711946, org.springframework.security.web.savedrequest.RequestCacheAwareFilter@50b78155, org.springframework.security.web.servletapi.SecurityContextHolderAwareRequestFilter@5d3d5242, org.springframework.security.web.authentication.AnonymousAuthenticationFilter@37e28b20, org.springframework.security.web.access.ExceptionTranslationFilter@1a3e8b68, org.springframework.security.web.access.intercept.AuthorizationFilter@755a4ef5]
2024-03-02T18:29:49.727+01:00  INFO 28481 --- [           main] o.s.b.a.h2.H2ConsoleAutoConfiguration    : H2 console available at '/h2-console'. Database available at 'jdbc:h2:mem:test'
2024-03-02T18:29:49.862+01:00  INFO 28481 --- [           main] .s.s.SecurityDemoGenericApplicationTests : Started SecurityDemoGenericApplicationTests in 5.071 seconds (process running for 6.275)
Hibernate: insert into roles (name,id) values (?,default)
]]></system-out>
  </testcase>
</testsuite>